[debug] [2020-05-07T09:19:42.292Z] ----------------------------------------------------------------------
[debug] [2020-05-07T09:19:42.294Z] Command:       /usr/local/bin/node /usr/local/bin/firebase deploy
[debug] [2020-05-07T09:19:42.294Z] CLI Version:   8.0.1
[debug] [2020-05-07T09:19:42.294Z] Platform:      darwin
[debug] [2020-05-07T09:19:42.295Z] Node Version:  v12.13.1
[debug] [2020-05-07T09:19:42.295Z] Time:          Thu May 07 2020 19:19:42 GMT+1000 (Vladivostok Standard Time)
[debug] [2020-05-07T09:19:42.295Z] ----------------------------------------------------------------------
[debug] [2020-05-07T09:19:42.296Z] 
[debug] [2020-05-07T09:19:42.305Z] > command requires scopes: ["email","openid","https://www.googleapis.com/auth/cloudplatformprojects.readonly","https://www.googleapis.com/auth/firebase","https://www.googleapis.com/auth/cloud-platform"]
[debug] [2020-05-07T09:19:42.306Z] > authorizing via signed-in user
[debug] [2020-05-07T09:19:42.306Z] [iam] checking project dts27-ef353 for permissions ["cloudfunctions.functions.create","cloudfunctions.functions.delete","cloudfunctions.functions.get","cloudfunctions.functions.list","cloudfunctions.functions.update","cloudfunctions.operations.get","firebase.projects.get","firebasedatabase.instances.update","firebasehosting.sites.update"]
[debug] [2020-05-07T09:19:42.308Z] > refreshing access token with scopes: ["email","https://www.googleapis.com/auth/cloud-platform","https://www.googleapis.com/auth/cloudplatformprojects.readonly","https://www.googleapis.com/auth/firebase","openid"]
[debug] [2020-05-07T09:19:42.309Z] >>> HTTP REQUEST POST https://www.googleapis.com/oauth2/v3/token  
 <request body omitted>
[debug] [2020-05-07T09:19:42.787Z] <<< HTTP RESPONSE 200 {"content-type":"application/json; charset=utf-8","vary":"X-Origin, Referer, Origin,Accept-Encoding","date":"Thu, 07 May 2020 09:19:42 GMT","server":"scaffolding on HTTPServer2","cache-control":"private","x-xss-protection":"0","x-frame-options":"SAMEORIGIN","x-content-type-options":"nosniff","alt-svc":"h3-27=\":443\"; ma=2592000,h3-25=\":443\"; ma=2592000,h3-Q050=\":443\"; ma=2592000,h3-Q049=\":443\"; ma=2592000,h3-Q048=\":443\"; ma=2592000,h3-Q046=\":443\"; ma=2592000,h3-Q043=\":443\"; ma=2592000,quic=\":443\"; ma=2592000; v=\"46,43\"","accept-ranges":"none","transfer-encoding":"chunked"}
[debug] [2020-05-07T09:19:42.796Z] >>> HTTP REQUEST POST https://cloudresourcemanager.googleapis.com/v1/projects/dts27-ef353:testIamPermissions  
 {"permissions":["cloudfunctions.functions.create","cloudfunctions.functions.delete","cloudfunctions.functions.get","cloudfunctions.functions.list","cloudfunctions.functions.update","cloudfunctions.operations.get","firebase.projects.get","firebasedatabase.instances.update","firebasehosting.sites.update"]}
[debug] [2020-05-07T09:19:44.320Z] <<< HTTP RESPONSE 200 {"content-type":"application/json; charset=UTF-8","vary":"X-Origin, Referer, Origin,Accept-Encoding","date":"Thu, 07 May 2020 09:19:44 GMT","server":"ESF","cache-control":"private","x-xss-protection":"0","x-frame-options":"SAMEORIGIN","x-content-type-options":"nosniff","server-timing":"gfet4t7; dur=930","alt-svc":"h3-Q050=\":443\"; ma=2592000,h3-Q049=\":443\"; ma=2592000,h3-Q048=\":443\"; ma=2592000,h3-Q046=\":443\"; ma=2592000,h3-Q043=\":443\"; ma=2592000,quic=\":443\"; ma=2592000; v=\"46,43\"","accept-ranges":"none","transfer-encoding":"chunked"}
[debug] [2020-05-07T09:19:44.322Z] >>> HTTP REQUEST GET https://firebase.googleapis.com/v1beta1/projects/dts27-ef353  
 
[debug] [2020-05-07T09:19:44.991Z] <<< HTTP RESPONSE 200 {"content-type":"application/json; charset=UTF-8","vary":"X-Origin, Referer, Origin,Accept-Encoding","date":"Thu, 07 May 2020 09:19:44 GMT","server":"ESF","cache-control":"private","x-xss-protection":"0","x-frame-options":"SAMEORIGIN","x-content-type-options":"nosniff","alt-svc":"h3-27=\":443\"; ma=2592000,h3-25=\":443\"; ma=2592000,h3-Q050=\":443\"; ma=2592000,h3-Q049=\":443\"; ma=2592000,h3-Q048=\":443\"; ma=2592000,h3-Q046=\":443\"; ma=2592000,h3-Q043=\":443\"; ma=2592000,quic=\":443\"; ma=2592000; v=\"46,43\"","accept-ranges":"none","transfer-encoding":"chunked"}
[info] 
[info] === Deploying to 'dts27-ef353'...
[info] 
[info] i  deploying database, functions, hosting
[info] i  database: checking rules syntax...
[debug] [2020-05-07T09:19:46.911Z] >>> HTTP REQUEST PUT https://dts27-ef353.firebaseio.com/.settings/rules.json?dryRun=true  
 {
  /* Visit https://firebase.google.com/docs/database/security to learn more about security rules. */
  "rules": {
    ".read": "auth != null",
    ".write": "auth != null",
    "messages": {
      ".write": true
    }
  }
}

[debug] [2020-05-07T09:19:48.187Z] <<< HTTP RESPONSE 200 {"server":"nginx","date":"Thu, 07 May 2020 09:19:48 GMT","content-type":"application/json; charset=utf-8","content-length":"15","connection":"keep-alive","access-control-allow-origin":"*","cache-control":"no-cache","strict-transport-security":"max-age=31556926; includeSubDomains; preload"}
[info] ✔  database: rules syntax for database dts27-ef353 is valid
[debug] [2020-05-07T09:19:48.189Z] > [functions] package.json contents: {
  "name": "functions",
  "description": "Cloud Functions for Firebase",
  "scripts": {
    "serve": "firebase emulators:start --only functions",
    "shell": "firebase functions:shell",
    "start": "npm run shell",
    "deploy": "firebase deploy --only functions",
    "logs": "firebase functions:log"
  },
  "engines": {
    "node": "8"
  },
  "dependencies": {
    "cors": "^2.8.5",
    "firebase-admin": "^8.10.0",
    "firebase-functions": "^3.3.0",
    "nodemailer": "^6.4.6"
  },
  "devDependencies": {
    "firebase-functions-test": "^0.1.6"
  },
  "private": true
}
[info] i  functions: ensuring necessary APIs are enabled...
[debug] [2020-05-07T09:19:48.191Z] >>> HTTP REQUEST GET https://serviceusage.googleapis.com/v1/projects/dts27-ef353/services/cloudfunctions.googleapis.com  
 
[debug] [2020-05-07T09:19:48.192Z] >>> HTTP REQUEST GET https://serviceusage.googleapis.com/v1/projects/dts27-ef353/services/runtimeconfig.googleapis.com  
 
[debug] [2020-05-07T09:19:49.851Z] <<< HTTP RESPONSE 200 {"content-type":"application/json; charset=UTF-8","vary":"X-Origin, Referer, Origin,Accept-Encoding","date":"Thu, 07 May 2020 09:19:49 GMT","server":"ESF","cache-control":"private","x-xss-protection":"0","x-frame-options":"SAMEORIGIN","x-content-type-options":"nosniff","alt-svc":"h3-27=\":443\"; ma=2592000,h3-25=\":443\"; ma=2592000,h3-Q050=\":443\"; ma=2592000,h3-Q049=\":443\"; ma=2592000,h3-Q048=\":443\"; ma=2592000,h3-Q046=\":443\"; ma=2592000,h3-Q043=\":443\"; ma=2592000,quic=\":443\"; ma=2592000; v=\"46,43\"","accept-ranges":"none","transfer-encoding":"chunked"}
[debug] [2020-05-07T09:19:50.111Z] <<< HTTP RESPONSE 200 {"content-type":"application/json; charset=UTF-8","vary":"X-Origin, Referer, Origin,Accept-Encoding","date":"Thu, 07 May 2020 09:19:49 GMT","server":"ESF","cache-control":"private","x-xss-protection":"0","x-frame-options":"SAMEORIGIN","x-content-type-options":"nosniff","alt-svc":"h3-27=\":443\"; ma=2592000,h3-25=\":443\"; ma=2592000,h3-Q050=\":443\"; ma=2592000,h3-Q049=\":443\"; ma=2592000,h3-Q048=\":443\"; ma=2592000,h3-Q046=\":443\"; ma=2592000,h3-Q043=\":443\"; ma=2592000,quic=\":443\"; ma=2592000; v=\"46,43\"","accept-ranges":"none","transfer-encoding":"chunked"}
[info] ✔  functions: all necessary APIs are enabled
[debug] [2020-05-07T09:19:50.112Z] >>> HTTP REQUEST GET https://firebase.googleapis.com/v1beta1/projects/dts27-ef353/adminSdkConfig  
 
[debug] [2020-05-07T09:19:50.708Z] <<< HTTP RESPONSE 200 {"content-type":"application/json; charset=UTF-8","vary":"X-Origin, Referer, Origin,Accept-Encoding","date":"Thu, 07 May 2020 09:19:50 GMT","server":"ESF","cache-control":"private","x-xss-protection":"0","x-frame-options":"SAMEORIGIN","x-content-type-options":"nosniff","alt-svc":"h3-27=\":443\"; ma=2592000,h3-25=\":443\"; ma=2592000,h3-Q050=\":443\"; ma=2592000,h3-Q049=\":443\"; ma=2592000,h3-Q048=\":443\"; ma=2592000,h3-Q046=\":443\"; ma=2592000,h3-Q043=\":443\"; ma=2592000,quic=\":443\"; ma=2592000; v=\"46,43\"","accept-ranges":"none","transfer-encoding":"chunked"}
[debug] [2020-05-07T09:19:50.710Z] >>> HTTP REQUEST POST https://firebasehosting.googleapis.com/v1beta1/sites/dts27-ef353/versions  
 {"config":{"rewrites":[{"glob":"**","path":"/index.html"}]},"labels":{"deployment-tool":"cli-firebase"}}
[debug] [2020-05-07T09:19:53.228Z] <<< HTTP RESPONSE 200 {"content-type":"application/json; charset=UTF-8","vary":"X-Origin, Referer, Origin,Accept-Encoding","date":"Thu, 07 May 2020 09:19:52 GMT","server":"ESF","cache-control":"private","x-xss-protection":"0","x-frame-options":"SAMEORIGIN","x-content-type-options":"nosniff","alt-svc":"h3-27=\":443\"; ma=2592000,h3-25=\":443\"; ma=2592000,h3-Q050=\":443\"; ma=2592000,h3-Q049=\":443\"; ma=2592000,h3-Q048=\":443\"; ma=2592000,h3-Q046=\":443\"; ma=2592000,h3-Q043=\":443\"; ma=2592000,quic=\":443\"; ma=2592000; v=\"46,43\"","accept-ranges":"none","transfer-encoding":"chunked"}
[info] i  functions: preparing functions directory for uploading...
[debug] [2020-05-07T09:19:53.231Z] >>> HTTP REQUEST GET https://runtimeconfig.googleapis.com/v1beta1/projects/dts27-ef353/configs  
 
[debug] [2020-05-07T09:19:54.054Z] <<< HTTP RESPONSE 200 {"content-type":"application/json; charset=UTF-8","vary":"X-Origin, Referer, Origin,Accept-Encoding","date":"Thu, 07 May 2020 09:19:53 GMT","server":"ESF","cache-control":"private","x-xss-protection":"0","x-frame-options":"SAMEORIGIN","x-content-type-options":"nosniff","alt-svc":"h3-Q050=\":443\"; ma=2592000,h3-Q049=\":443\"; ma=2592000,h3-Q048=\":443\"; ma=2592000,h3-Q046=\":443\"; ma=2592000,h3-Q043=\":443\"; ma=2592000,quic=\":443\"; ma=2592000; v=\"46,43\"","accept-ranges":"none","transfer-encoding":"chunked"}
[debug] [2020-05-07T09:19:54.055Z] >>> HTTP REQUEST GET https://runtimeconfig.googleapis.com/v1beta1/projects/dts27-ef353/configs/gmail/variables  
 
[debug] [2020-05-07T09:19:54.637Z] <<< HTTP RESPONSE 200 {"content-type":"application/json; charset=UTF-8","vary":"X-Origin, Referer, Origin,Accept-Encoding","date":"Thu, 07 May 2020 09:19:54 GMT","server":"ESF","cache-control":"private","x-xss-protection":"0","x-frame-options":"SAMEORIGIN","x-content-type-options":"nosniff","alt-svc":"h3-Q050=\":443\"; ma=2592000,h3-Q049=\":443\"; ma=2592000,h3-Q048=\":443\"; ma=2592000,h3-Q046=\":443\"; ma=2592000,h3-Q043=\":443\"; ma=2592000,quic=\":443\"; ma=2592000; v=\"46,43\"","accept-ranges":"none","transfer-encoding":"chunked"}
[debug] [2020-05-07T09:19:54.638Z] >>> HTTP REQUEST GET https://runtimeconfig.googleapis.com/v1beta1/projects/dts27-ef353/configs/gmail/variables/email  
 
[debug] [2020-05-07T09:19:54.639Z] >>> HTTP REQUEST GET https://runtimeconfig.googleapis.com/v1beta1/projects/dts27-ef353/configs/gmail/variables/password  
 
[debug] [2020-05-07T09:19:55.210Z] <<< HTTP RESPONSE 200 {"content-type":"application/json; charset=UTF-8","vary":"X-Origin, Referer, Origin,Accept-Encoding","date":"Thu, 07 May 2020 09:19:55 GMT","server":"ESF","cache-control":"private","x-xss-protection":"0","x-frame-options":"SAMEORIGIN","x-content-type-options":"nosniff","alt-svc":"h3-Q050=\":443\"; ma=2592000,h3-Q049=\":443\"; ma=2592000,h3-Q048=\":443\"; ma=2592000,h3-Q046=\":443\"; ma=2592000,h3-Q043=\":443\"; ma=2592000,quic=\":443\"; ma=2592000; v=\"46,43\"","accept-ranges":"none","transfer-encoding":"chunked"}
[debug] [2020-05-07T09:19:55.211Z] <<< HTTP RESPONSE 200 {"content-type":"application/json; charset=UTF-8","vary":"X-Origin, Referer, Origin,Accept-Encoding","date":"Thu, 07 May 2020 09:19:55 GMT","server":"ESF","cache-control":"private","x-xss-protection":"0","x-frame-options":"SAMEORIGIN","x-content-type-options":"nosniff","alt-svc":"h3-Q050=\":443\"; ma=2592000,h3-Q049=\":443\"; ma=2592000,h3-Q048=\":443\"; ma=2592000,h3-Q046=\":443\"; ma=2592000,h3-Q043=\":443\"; ma=2592000,quic=\":443\"; ma=2592000; v=\"46,43\"","accept-ranges":"none","transfer-encoding":"chunked"}
[info] i  functions: packaged functions (29.87 KB) for uploading
[debug] [2020-05-07T09:19:55.414Z] >>> HTTP REQUEST POST https://cloudfunctions.googleapis.com/v1/projects/dts27-ef353/locations/us-central1/functions:generateUploadUrl  
 
[debug] [2020-05-07T09:19:56.812Z] <<< HTTP RESPONSE 200 {"content-type":"application/json; charset=UTF-8","vary":"X-Origin, Referer, Origin,Accept-Encoding","date":"Thu, 07 May 2020 09:19:56 GMT","server":"ESF","cache-control":"private","x-xss-protection":"0","x-frame-options":"SAMEORIGIN","x-content-type-options":"nosniff","alt-svc":"h3-27=\":443\"; ma=2592000,h3-25=\":443\"; ma=2592000,h3-Q050=\":443\"; ma=2592000,h3-Q049=\":443\"; ma=2592000,h3-Q048=\":443\"; ma=2592000,h3-Q046=\":443\"; ma=2592000,h3-Q043=\":443\"; ma=2592000,quic=\":443\"; ma=2592000; v=\"46,43\"","accept-ranges":"none","transfer-encoding":"chunked"}
[debug] [2020-05-07T09:19:56.813Z] >>> HTTP REQUEST PUT https://storage.googleapis.com/gcf-upload-us-central1-d99b4146-86d9-465f-8941-10cb0d939cf5/0dbdd101-f55e-4231-8dc4-de8c522656ad.zip?GoogleAccessId=service-112423585491@gcf-admin-robot.iam.gserviceaccount.com&Expires=1588844996&Signature=NwfRZd2fB3F3l73a0u7ozTxtOIWWp1L3wRJ0HIe76objX0dwDHTWPOd65QsRP7I96hPFiB8sN4VftJNYjnQqtgeYD0XMNHL7paYQW6GGnFkd3gK8UYEjBEBoAFwVXOfHmOLKj%2BkgbLZDiHscy%2FW1gL4MgzfLt%2BLSmkVMC2ZegvEdKYNg0HH348dcpanoRxYGdGl8F1GduWv7crG09I445z%2FoXiUu8Kqnm%2B9dmnyVp6CiTxbquZmnAeJZ7cBDxe4EK88btgTAFchUXyQJ4uhr5PDo%2BQzqJvWRbhBY0BJmBcr9kdrX0StaXrWAQy5WRCKCsHNk64euAQIPEjvr0FRYeg%3D%3D  
 <request body omitted>
[debug] [2020-05-07T09:19:57.836Z] <<< HTTP RESPONSE 200 {"x-guploader-uploadid":"AAANsUmrO02yN8kSTqJWmb0gz8RcI8oALVpSfmFc_8mRYN94bWTaQqdrf82C9Q6FqsMwAi23kmuEuWR6vpeLUVL9JAIm4TYhtQ","etag":"\"9cbe644906784a0ca1e6d7e0c09723cf\"","x-goog-generation":"1588843197662526","x-goog-metageneration":"1","x-goog-hash":"crc32c=00lVtg==, md5=nL5kSQZ4Sgyh5tfgwJcjzw==","x-goog-stored-content-length":"30590","x-goog-stored-content-encoding":"identity","vary":"Origin","content-length":"0","date":"Thu, 07 May 2020 09:19:57 GMT","server":"UploadServer","content-type":"text/html; charset=UTF-8","alt-svc":"h3-27=\":443\"; ma=2592000,h3-25=\":443\"; ma=2592000,h3-Q050=\":443\"; ma=2592000,h3-Q049=\":443\"; ma=2592000,h3-Q048=\":443\"; ma=2592000,h3-Q046=\":443\"; ma=2592000,h3-Q043=\":443\"; ma=2592000,quic=\":443\"; ma=2592000; v=\"46,43\""}
[info] ✔  functions: functions folder uploaded successfully
[info] i  hosting[dts27-ef353]: beginning deploy...
[info] i  hosting[dts27-ef353]: found 167 files in dist/dts
[debug] [2020-05-07T09:19:58.639Z] [hosting] hash cache [ZGlzdC9kdHM] stored for 167 files
[debug] [2020-05-07T09:19:58.641Z] [hosting][hash queue][FINAL] {"max":727,"min":13,"avg":108.32934131736525,"active":0,"complete":167,"success":167,"errored":0,"retried":0,"total":167,"elapsed":768}
[debug] [2020-05-07T09:19:58.642Z] >>> HTTP REQUEST POST https://firebasehosting.googleapis.com/v1beta1/sites/dts27-ef353/versions/f2502dce67df73ef:populateFiles  
 <request body omitted>
[debug] [2020-05-07T09:20:01.056Z] <<< HTTP RESPONSE 200 {"content-type":"application/json; charset=UTF-8","vary":"X-Origin, Referer, Origin,Accept-Encoding","date":"Thu, 07 May 2020 09:20:00 GMT","server":"ESF","cache-control":"private","x-xss-protection":"0","x-frame-options":"SAMEORIGIN","x-content-type-options":"nosniff","alt-svc":"h3-27=\":443\"; ma=2592000,h3-25=\":443\"; ma=2592000,h3-Q050=\":443\"; ma=2592000,h3-Q049=\":443\"; ma=2592000,h3-Q048=\":443\"; ma=2592000,h3-Q046=\":443\"; ma=2592000,h3-Q043=\":443\"; ma=2592000,quic=\":443\"; ma=2592000; v=\"46,43\"","accept-ranges":"none","transfer-encoding":"chunked"}
[debug] [2020-05-07T09:20:01.062Z] [hosting][populate queue][FINAL] {"max":2423,"min":2423,"avg":2423,"active":0,"complete":1,"success":1,"errored":0,"retried":0,"total":1,"elapsed":2427}
[debug] [2020-05-07T09:20:01.062Z] [hosting] uploads queued: 8
[debug] [2020-05-07T09:20:06.745Z] [hosting][upload queue][FINAL] {"max":5688,"min":3333,"avg":3810.875,"active":0,"complete":8,"success":8,"errored":0,"retried":0,"total":8,"elapsed":5688}
[info] ✔  hosting[dts27-ef353]: file upload complete
[debug] [2020-05-07T09:20:06.746Z] [hosting] deploy completed after 8909ms
[info] i  database: releasing rules...
[debug] [2020-05-07T09:20:07.138Z] >>> HTTP REQUEST PUT https://dts27-ef353.firebaseio.com/.settings/rules.json  
 {
  /* Visit https://firebase.google.com/docs/database/security to learn more about security rules. */
  "rules": {
    ".read": "auth != null",
    ".write": "auth != null",
    "messages": {
      ".write": true
    }
  }
}

[debug] [2020-05-07T09:20:08.485Z] <<< HTTP RESPONSE 200 {"server":"nginx","date":"Thu, 07 May 2020 09:20:08 GMT","content-type":"application/json; charset=utf-8","content-length":"15","connection":"keep-alive","access-control-allow-origin":"*","cache-control":"no-cache","strict-transport-security":"max-age=31556926; includeSubDomains; preload"}
[info] ✔  database: rules for database dts27-ef353 released successfully
[debug] [2020-05-07T09:20:08.489Z] >>> HTTP REQUEST GET https://cloudfunctions.googleapis.com/v1/projects/dts27-ef353/locations/-/functions  
 
[debug] [2020-05-07T09:20:09.510Z] <<< HTTP RESPONSE 200 {"content-type":"application/json; charset=UTF-8","vary":"X-Origin, Referer, Origin,Accept-Encoding","date":"Thu, 07 May 2020 09:20:09 GMT","server":"ESF","cache-control":"private","x-xss-protection":"0","x-frame-options":"SAMEORIGIN","x-content-type-options":"nosniff","alt-svc":"h3-27=\":443\"; ma=2592000,h3-25=\":443\"; ma=2592000,h3-Q050=\":443\"; ma=2592000,h3-Q049=\":443\"; ma=2592000,h3-Q048=\":443\"; ma=2592000,h3-Q046=\":443\"; ma=2592000,h3-Q043=\":443\"; ma=2592000,quic=\":443\"; ma=2592000; v=\"46,43\"","accept-ranges":"none","transfer-encoding":"chunked"}
[info] i  functions: updating Node.js 8 function sendEmail(asia-northeast1)...
[debug] [2020-05-07T09:20:09.515Z] Trigger is:  {"eventTrigger":{"resource":"projects/dts27-ef353/databases/(default)/documents/messages/{messageId}","eventType":"providers/cloud.firestore/eventTypes/document.create","service":"firestore.googleapis.com"}}
[info] i  functions: updating Node.js 8 function sendTransportEmail(asia-northeast1)...
[debug] [2020-05-07T09:20:09.516Z] Trigger is:  {"eventTrigger":{"resource":"projects/dts27-ef353/databases/(default)/documents/transport-email/{emailId}","eventType":"providers/cloud.firestore/eventTypes/document.create","service":"firestore.googleapis.com"}}
[info] i  functions: updating Node.js 8 function sendMaterialsEmail(asia-northeast1)...
[debug] [2020-05-07T09:20:09.516Z] Trigger is:  {"eventTrigger":{"resource":"projects/dts27-ef353/databases/(default)/documents/materials-email/{emailId}","eventType":"providers/cloud.firestore/eventTypes/document.create","service":"firestore.googleapis.com"}}
[debug] [2020-05-07T09:20:09.518Z] >>> HTTP REQUEST GET https://serviceusage.googleapis.com/v1/projects/dts27-ef353/services/cloudscheduler.googleapis.com  
 
[debug] [2020-05-07T09:20:10.943Z] <<< HTTP RESPONSE 200 {"content-type":"application/json; charset=UTF-8","vary":"X-Origin, Referer, Origin,Accept-Encoding","date":"Thu, 07 May 2020 09:20:10 GMT","server":"ESF","cache-control":"private","x-xss-protection":"0","x-frame-options":"SAMEORIGIN","x-content-type-options":"nosniff","alt-svc":"h3-27=\":443\"; ma=2592000,h3-25=\":443\"; ma=2592000,h3-Q050=\":443\"; ma=2592000,h3-Q049=\":443\"; ma=2592000,h3-Q048=\":443\"; ma=2592000,h3-Q046=\":443\"; ma=2592000,h3-Q043=\":443\"; ma=2592000,quic=\":443\"; ma=2592000; v=\"46,43\"","accept-ranges":"none","transfer-encoding":"chunked"}
[debug] [2020-05-07T09:20:10.946Z] >>> HTTP REQUEST PATCH https://cloudfunctions.googleapis.com/v1/projects/dts27-ef353/locations/asia-northeast1/functions/sendEmail {"updateMask":"sourceUploadUrl,name,labels,runtime,eventTrigger.resource,eventTrigger.eventType,eventTrigger.service"} 
 {"sourceUploadUrl":"https://storage.googleapis.com/gcf-upload-us-central1-d99b4146-86d9-465f-8941-10cb0d939cf5/0dbdd101-f55e-4231-8dc4-de8c522656ad.zip?GoogleAccessId=service-112423585491@gcf-admin-robot.iam.gserviceaccount.com&Expires=1588844996&Signature=NwfRZd2fB3F3l73a0u7ozTxtOIWWp1L3wRJ0HIe76objX0dwDHTWPOd65QsRP7I96hPFiB8sN4VftJNYjnQqtgeYD0XMNHL7paYQW6GGnFkd3gK8UYEjBEBoAFwVXOfHmOLKj%2BkgbLZDiHscy%2FW1gL4MgzfLt%2BLSmkVMC2ZegvEdKYNg0HH348dcpanoRxYGdGl8F1GduWv7crG09I445z%2FoXiUu8Kqnm%2B9dmnyVp6CiTxbquZmnAeJZ7cBDxe4EK88btgTAFchUXyQJ4uhr5PDo%2BQzqJvWRbhBY0BJmBcr9kdrX0StaXrWAQy5WRCKCsHNk64euAQIPEjvr0FRYeg%3D%3D","name":"projects/dts27-ef353/locations/asia-northeast1/functions/sendEmail","labels":{"deployment-tool":"cli-firebase"},"eventTrigger":{"resource":"projects/dts27-ef353/databases/(default)/documents/messages/{messageId}","eventType":"providers/cloud.firestore/eventTypes/document.create","service":"firestore.googleapis.com"},"runtime":"nodejs8"}
[debug] [2020-05-07T09:20:10.948Z] >>> HTTP REQUEST PATCH https://cloudfunctions.googleapis.com/v1/projects/dts27-ef353/locations/asia-northeast1/functions/sendTransportEmail {"updateMask":"sourceUploadUrl,name,labels,runtime,eventTrigger.resource,eventTrigger.eventType,eventTrigger.service"} 
 {"sourceUploadUrl":"https://storage.googleapis.com/gcf-upload-us-central1-d99b4146-86d9-465f-8941-10cb0d939cf5/0dbdd101-f55e-4231-8dc4-de8c522656ad.zip?GoogleAccessId=service-112423585491@gcf-admin-robot.iam.gserviceaccount.com&Expires=1588844996&Signature=NwfRZd2fB3F3l73a0u7ozTxtOIWWp1L3wRJ0HIe76objX0dwDHTWPOd65QsRP7I96hPFiB8sN4VftJNYjnQqtgeYD0XMNHL7paYQW6GGnFkd3gK8UYEjBEBoAFwVXOfHmOLKj%2BkgbLZDiHscy%2FW1gL4MgzfLt%2BLSmkVMC2ZegvEdKYNg0HH348dcpanoRxYGdGl8F1GduWv7crG09I445z%2FoXiUu8Kqnm%2B9dmnyVp6CiTxbquZmnAeJZ7cBDxe4EK88btgTAFchUXyQJ4uhr5PDo%2BQzqJvWRbhBY0BJmBcr9kdrX0StaXrWAQy5WRCKCsHNk64euAQIPEjvr0FRYeg%3D%3D","name":"projects/dts27-ef353/locations/asia-northeast1/functions/sendTransportEmail","labels":{"deployment-tool":"cli-firebase"},"eventTrigger":{"resource":"projects/dts27-ef353/databases/(default)/documents/transport-email/{emailId}","eventType":"providers/cloud.firestore/eventTypes/document.create","service":"firestore.googleapis.com"},"runtime":"nodejs8"}
[debug] [2020-05-07T09:20:10.949Z] >>> HTTP REQUEST PATCH https://cloudfunctions.googleapis.com/v1/projects/dts27-ef353/locations/asia-northeast1/functions/sendMaterialsEmail {"updateMask":"sourceUploadUrl,name,labels,runtime,eventTrigger.resource,eventTrigger.eventType,eventTrigger.service"} 
 {"sourceUploadUrl":"https://storage.googleapis.com/gcf-upload-us-central1-d99b4146-86d9-465f-8941-10cb0d939cf5/0dbdd101-f55e-4231-8dc4-de8c522656ad.zip?GoogleAccessId=service-112423585491@gcf-admin-robot.iam.gserviceaccount.com&Expires=1588844996&Signature=NwfRZd2fB3F3l73a0u7ozTxtOIWWp1L3wRJ0HIe76objX0dwDHTWPOd65QsRP7I96hPFiB8sN4VftJNYjnQqtgeYD0XMNHL7paYQW6GGnFkd3gK8UYEjBEBoAFwVXOfHmOLKj%2BkgbLZDiHscy%2FW1gL4MgzfLt%2BLSmkVMC2ZegvEdKYNg0HH348dcpanoRxYGdGl8F1GduWv7crG09I445z%2FoXiUu8Kqnm%2B9dmnyVp6CiTxbquZmnAeJZ7cBDxe4EK88btgTAFchUXyQJ4uhr5PDo%2BQzqJvWRbhBY0BJmBcr9kdrX0StaXrWAQy5WRCKCsHNk64euAQIPEjvr0FRYeg%3D%3D","name":"projects/dts27-ef353/locations/asia-northeast1/functions/sendMaterialsEmail","labels":{"deployment-tool":"cli-firebase"},"eventTrigger":{"resource":"projects/dts27-ef353/databases/(default)/documents/materials-email/{emailId}","eventType":"providers/cloud.firestore/eventTypes/document.create","service":"firestore.googleapis.com"},"runtime":"nodejs8"}
[debug] [2020-05-07T09:20:11.907Z] <<< HTTP RESPONSE 200 {"content-type":"application/json; charset=UTF-8","vary":"X-Origin, Referer, Origin,Accept-Encoding","date":"Thu, 07 May 2020 09:20:11 GMT","server":"ESF","cache-control":"private","x-xss-protection":"0","x-frame-options":"SAMEORIGIN","x-content-type-options":"nosniff","alt-svc":"h3-27=\":443\"; ma=2592000,h3-25=\":443\"; ma=2592000,h3-Q050=\":443\"; ma=2592000,h3-Q049=\":443\"; ma=2592000,h3-Q048=\":443\"; ma=2592000,h3-Q046=\":443\"; ma=2592000,h3-Q043=\":443\"; ma=2592000,quic=\":443\"; ma=2592000; v=\"46,43\"","accept-ranges":"none","transfer-encoding":"chunked"}
[debug] [2020-05-07T09:20:12.002Z] <<< HTTP RESPONSE 200 {"content-type":"application/json; charset=UTF-8","vary":"X-Origin, Referer, Origin,Accept-Encoding","date":"Thu, 07 May 2020 09:20:11 GMT","server":"ESF","cache-control":"private","x-xss-protection":"0","x-frame-options":"SAMEORIGIN","x-content-type-options":"nosniff","alt-svc":"h3-27=\":443\"; ma=2592000,h3-25=\":443\"; ma=2592000,h3-Q050=\":443\"; ma=2592000,h3-Q049=\":443\"; ma=2592000,h3-Q048=\":443\"; ma=2592000,h3-Q046=\":443\"; ma=2592000,h3-Q043=\":443\"; ma=2592000,quic=\":443\"; ma=2592000; v=\"46,43\"","accept-ranges":"none","transfer-encoding":"chunked"}
[debug] [2020-05-07T09:20:12.015Z] <<< HTTP RESPONSE 200 {"content-type":"application/json; charset=UTF-8","vary":"X-Origin, Referer, Origin,Accept-Encoding","date":"Thu, 07 May 2020 09:20:11 GMT","server":"ESF","cache-control":"private","x-xss-protection":"0","x-frame-options":"SAMEORIGIN","x-content-type-options":"nosniff","alt-svc":"h3-27=\":443\"; ma=2592000,h3-25=\":443\"; ma=2592000,h3-Q050=\":443\"; ma=2592000,h3-Q049=\":443\"; ma=2592000,h3-Q048=\":443\"; ma=2592000,h3-Q046=\":443\"; ma=2592000,h3-Q043=\":443\"; ma=2592000,quic=\":443\"; ma=2592000; v=\"46,43\"","accept-ranges":"none","transfer-encoding":"chunked"}
[debug] [2020-05-07T09:20:12.017Z] >>> HTTP REQUEST GET https://cloudfunctions.googleapis.com/v1/operations/ZHRzMjctZWYzNTMvYXNpYS1ub3J0aGVhc3QxL3NlbmRFbWFpbC96MUNPTVIxajBpZw  
 
[debug] [2020-05-07T09:20:12.017Z] >>> HTTP REQUEST GET https://cloudfunctions.googleapis.com/v1/operations/ZHRzMjctZWYzNTMvYXNpYS1ub3J0aGVhc3QxL3NlbmRUcmFuc3BvcnRFbWFpbC9BMTlwWkR3bWtzWQ  
 
[debug] [2020-05-07T09:20:12.018Z] >>> HTTP REQUEST GET https://cloudfunctions.googleapis.com/v1/operations/ZHRzMjctZWYzNTMvYXNpYS1ub3J0aGVhc3QxL3NlbmRNYXRlcmlhbHNFbWFpbC9iYjdZd0YwQlZtdw  
 
[debug] [2020-05-07T09:20:12.772Z] <<< HTTP RESPONSE 200 {"content-type":"application/json; charset=UTF-8","vary":"X-Origin, Referer, Origin,Accept-Encoding","date":"Thu, 07 May 2020 09:20:12 GMT","server":"ESF","cache-control":"private","x-xss-protection":"0","x-frame-options":"SAMEORIGIN","x-content-type-options":"nosniff","alt-svc":"h3-27=\":443\"; ma=2592000,h3-25=\":443\"; ma=2592000,h3-Q050=\":443\"; ma=2592000,h3-Q049=\":443\"; ma=2592000,h3-Q048=\":443\"; ma=2592000,h3-Q046=\":443\"; ma=2592000,h3-Q043=\":443\"; ma=2592000,quic=\":443\"; ma=2592000; v=\"46,43\"","accept-ranges":"none","transfer-encoding":"chunked"}
[debug] [2020-05-07T09:20:12.804Z] <<< HTTP RESPONSE 200 {"content-type":"application/json; charset=UTF-8","vary":"X-Origin, Referer, Origin,Accept-Encoding","date":"Thu, 07 May 2020 09:20:12 GMT","server":"ESF","cache-control":"private","x-xss-protection":"0","x-frame-options":"SAMEORIGIN","x-content-type-options":"nosniff","alt-svc":"h3-27=\":443\"; ma=2592000,h3-25=\":443\"; ma=2592000,h3-Q050=\":443\"; ma=2592000,h3-Q049=\":443\"; ma=2592000,h3-Q048=\":443\"; ma=2592000,h3-Q046=\":443\"; ma=2592000,h3-Q043=\":443\"; ma=2592000,quic=\":443\"; ma=2592000; v=\"46,43\"","accept-ranges":"none","transfer-encoding":"chunked"}
[debug] [2020-05-07T09:20:12.977Z] <<< HTTP RESPONSE 200 {"content-type":"application/json; charset=UTF-8","vary":"X-Origin, Referer, Origin,Accept-Encoding","date":"Thu, 07 May 2020 09:20:12 GMT","server":"ESF","cache-control":"private","x-xss-protection":"0","x-frame-options":"SAMEORIGIN","x-content-type-options":"nosniff","alt-svc":"h3-27=\":443\"; ma=2592000,h3-25=\":443\"; ma=2592000,h3-Q050=\":443\"; ma=2592000,h3-Q049=\":443\"; ma=2592000,h3-Q048=\":443\"; ma=2592000,h3-Q046=\":443\"; ma=2592000,h3-Q043=\":443\"; ma=2592000,quic=\":443\"; ma=2592000; v=\"46,43\"","accept-ranges":"none","transfer-encoding":"chunked"}
[debug] [2020-05-07T09:20:14.776Z] >>> HTTP REQUEST GET https://cloudfunctions.googleapis.com/v1/operations/ZHRzMjctZWYzNTMvYXNpYS1ub3J0aGVhc3QxL3NlbmRUcmFuc3BvcnRFbWFpbC9BMTlwWkR3bWtzWQ  
 
[debug] [2020-05-07T09:20:14.809Z] >>> HTTP REQUEST GET https://cloudfunctions.googleapis.com/v1/operations/ZHRzMjctZWYzNTMvYXNpYS1ub3J0aGVhc3QxL3NlbmRNYXRlcmlhbHNFbWFpbC9iYjdZd0YwQlZtdw  
 
[debug] [2020-05-07T09:20:14.980Z] >>> HTTP REQUEST GET https://cloudfunctions.googleapis.com/v1/operations/ZHRzMjctZWYzNTMvYXNpYS1ub3J0aGVhc3QxL3NlbmRFbWFpbC96MUNPTVIxajBpZw  
 
[debug] [2020-05-07T09:20:15.555Z] <<< HTTP RESPONSE 200 {"content-type":"application/json; charset=UTF-8","vary":"X-Origin, Referer, Origin,Accept-Encoding","date":"Thu, 07 May 2020 09:20:15 GMT","server":"ESF","cache-control":"private","x-xss-protection":"0","x-frame-options":"SAMEORIGIN","x-content-type-options":"nosniff","alt-svc":"h3-27=\":443\"; ma=2592000,h3-25=\":443\"; ma=2592000,h3-Q050=\":443\"; ma=2592000,h3-Q049=\":443\"; ma=2592000,h3-Q048=\":443\"; ma=2592000,h3-Q046=\":443\"; ma=2592000,h3-Q043=\":443\"; ma=2592000,quic=\":443\"; ma=2592000; v=\"46,43\"","accept-ranges":"none","transfer-encoding":"chunked"}
[debug] [2020-05-07T09:20:15.763Z] <<< HTTP RESPONSE 200 {"content-type":"application/json; charset=UTF-8","vary":"X-Origin, Referer, Origin,Accept-Encoding","date":"Thu, 07 May 2020 09:20:15 GMT","server":"ESF","cache-control":"private","x-xss-protection":"0","x-frame-options":"SAMEORIGIN","x-content-type-options":"nosniff","alt-svc":"h3-27=\":443\"; ma=2592000,h3-25=\":443\"; ma=2592000,h3-Q050=\":443\"; ma=2592000,h3-Q049=\":443\"; ma=2592000,h3-Q048=\":443\"; ma=2592000,h3-Q046=\":443\"; ma=2592000,h3-Q043=\":443\"; ma=2592000,quic=\":443\"; ma=2592000; v=\"46,43\"","accept-ranges":"none","transfer-encoding":"chunked"}
[debug] [2020-05-07T09:20:15.775Z] <<< HTTP RESPONSE 200 {"content-type":"application/json; charset=UTF-8","vary":"X-Origin, Referer, Origin,Accept-Encoding","date":"Thu, 07 May 2020 09:20:15 GMT","server":"ESF","cache-control":"private","x-xss-protection":"0","x-frame-options":"SAMEORIGIN","x-content-type-options":"nosniff","alt-svc":"h3-27=\":443\"; ma=2592000,h3-25=\":443\"; ma=2592000,h3-Q050=\":443\"; ma=2592000,h3-Q049=\":443\"; ma=2592000,h3-Q048=\":443\"; ma=2592000,h3-Q046=\":443\"; ma=2592000,h3-Q043=\":443\"; ma=2592000,quic=\":443\"; ma=2592000; v=\"46,43\"","accept-ranges":"none","transfer-encoding":"chunked"}
[debug] [2020-05-07T09:20:17.559Z] >>> HTTP REQUEST GET https://cloudfunctions.googleapis.com/v1/operations/ZHRzMjctZWYzNTMvYXNpYS1ub3J0aGVhc3QxL3NlbmRUcmFuc3BvcnRFbWFpbC9BMTlwWkR3bWtzWQ  
 
[debug] [2020-05-07T09:20:17.764Z] >>> HTTP REQUEST GET https://cloudfunctions.googleapis.com/v1/operations/ZHRzMjctZWYzNTMvYXNpYS1ub3J0aGVhc3QxL3NlbmRFbWFpbC96MUNPTVIxajBpZw  
 
[debug] [2020-05-07T09:20:17.775Z] >>> HTTP REQUEST GET https://cloudfunctions.googleapis.com/v1/operations/ZHRzMjctZWYzNTMvYXNpYS1ub3J0aGVhc3QxL3NlbmRNYXRlcmlhbHNFbWFpbC9iYjdZd0YwQlZtdw  
 
[debug] [2020-05-07T09:20:18.320Z] <<< HTTP RESPONSE 200 {"content-type":"application/json; charset=UTF-8","vary":"X-Origin, Referer, Origin,Accept-Encoding","date":"Thu, 07 May 2020 09:20:18 GMT","server":"ESF","cache-control":"private","x-xss-protection":"0","x-frame-options":"SAMEORIGIN","x-content-type-options":"nosniff","alt-svc":"h3-27=\":443\"; ma=2592000,h3-25=\":443\"; ma=2592000,h3-Q050=\":443\"; ma=2592000,h3-Q049=\":443\"; ma=2592000,h3-Q048=\":443\"; ma=2592000,h3-Q046=\":443\"; ma=2592000,h3-Q043=\":443\"; ma=2592000,quic=\":443\"; ma=2592000; v=\"46,43\"","accept-ranges":"none","transfer-encoding":"chunked"}
[debug] [2020-05-07T09:20:18.529Z] <<< HTTP RESPONSE 200 {"content-type":"application/json; charset=UTF-8","vary":"X-Origin, Referer, Origin,Accept-Encoding","date":"Thu, 07 May 2020 09:20:18 GMT","server":"ESF","cache-control":"private","x-xss-protection":"0","x-frame-options":"SAMEORIGIN","x-content-type-options":"nosniff","alt-svc":"h3-27=\":443\"; ma=2592000,h3-25=\":443\"; ma=2592000,h3-Q050=\":443\"; ma=2592000,h3-Q049=\":443\"; ma=2592000,h3-Q048=\":443\"; ma=2592000,h3-Q046=\":443\"; ma=2592000,h3-Q043=\":443\"; ma=2592000,quic=\":443\"; ma=2592000; v=\"46,43\"","accept-ranges":"none","transfer-encoding":"chunked"}
[debug] [2020-05-07T09:20:18.738Z] <<< HTTP RESPONSE 200 {"content-type":"application/json; charset=UTF-8","vary":"X-Origin, Referer, Origin,Accept-Encoding","date":"Thu, 07 May 2020 09:20:18 GMT","server":"ESF","cache-control":"private","x-xss-protection":"0","x-frame-options":"SAMEORIGIN","x-content-type-options":"nosniff","alt-svc":"h3-27=\":443\"; ma=2592000,h3-25=\":443\"; ma=2592000,h3-Q050=\":443\"; ma=2592000,h3-Q049=\":443\"; ma=2592000,h3-Q048=\":443\"; ma=2592000,h3-Q046=\":443\"; ma=2592000,h3-Q043=\":443\"; ma=2592000,quic=\":443\"; ma=2592000; v=\"46,43\"","accept-ranges":"none","transfer-encoding":"chunked"}
[debug] [2020-05-07T09:20:20.325Z] >>> HTTP REQUEST GET https://cloudfunctions.googleapis.com/v1/operations/ZHRzMjctZWYzNTMvYXNpYS1ub3J0aGVhc3QxL3NlbmRUcmFuc3BvcnRFbWFpbC9BMTlwWkR3bWtzWQ  
 
[debug] [2020-05-07T09:20:20.536Z] >>> HTTP REQUEST GET https://cloudfunctions.googleapis.com/v1/operations/ZHRzMjctZWYzNTMvYXNpYS1ub3J0aGVhc3QxL3NlbmRNYXRlcmlhbHNFbWFpbC9iYjdZd0YwQlZtdw  
 
